0 info it worked if it ends with ok
1 verbose cli [ 'C:\\Program Files\\nodejs\\node.exe',
1 verbose cli   'C:\\Program Files\\nodejs\\node_modules\\npm\\bin\\npm-cli.js',
1 verbose cli   'completion' ]
2 info using npm@2.15.9
3 info using node@v4.6.1
4 verbose config Skipping project config: C:\Users\Jorge/.npmrc. (matches userconfig)
5 verbose stack Error: npm completion supported only in MINGW / Git bash on Windows
5 verbose stack     at EventEmitter.completion (C:\Program Files\nodejs\node_modules\npm\lib\completion.js:51:13)
5 verbose stack     at Object.commandCache.(anonymous function) (C:\Program Files\nodejs\node_modules\npm\lib\npm.js:220:11)
5 verbose stack     at EventEmitter.<anonymous> (C:\Program Files\nodejs\node_modules\npm\bin\npm-cli.js:72:28)
5 verbose stack     at nextTickCallbackWith0Args (node.js:420:9)
5 verbose stack     at process._tickCallback (node.js:349:13)
6 verbose cwd C:\Users\Jorge\Projects\MatchaErhaben
7 error Windows_NT 6.1.7601
8 error argv "C:\\Program Files\\nodejs\\node.exe" "C:\\Program Files\\nodejs\\node_modules\\npm\\bin\\npm-cli.js" "completion"
9 error node v4.6.1
10 error npm  v2.15.9
11 error code ENOTSUP
12 error errno 129
13 error nospc npm completion supported only in MINGW / Git bash on Windows
13 error nospc This is most likely not a problem with npm itself
13 error nospc and is related to insufficient space on your system.
14 verbose exit [ 129, true ]
